<?xml version="1.0" encoding="UTF-8"?>
<testsuite xmlns:xsi="http://www.w3.org/2001/XMLSchema-instance" xsi:noNamespaceSchemaLocation="https://maven.apache.org/surefire/maven-surefire-plugin/xsd/surefire-test-report-3.0.xsd" version="3.0" name="com.kgswitch.transforms.SchemaTransformationServiceTest" time="0.758" tests="1" errors="0" skipped="0" failures="0">
  <properties>
    <property name="java.specification.version" value="20"/>
    <property name="sun.cpu.isalist" value="amd64"/>
    <property name="sun.jnu.encoding" value="Cp1252"/>
    <property name="java.class.path" value="C:\Users\danim\Desktop\KGSwitch\kgswitch\target\test-classes;C:\Users\danim\Desktop\KGSwitch\kgswitch\target\classes;C:\Users\danim\.m2\repository\com\fasterxml\jackson\core\jackson-databind\2.15.2\jackson-databind-2.15.2.jar;C:\Users\danim\.m2\repository\com\fasterxml\jackson\core\jackson-annotations\2.15.2\jackson-annotations-2.15.2.jar;C:\Users\danim\.m2\repository\com\fasterxml\jackson\core\jackson-core\2.15.2\jackson-core-2.15.2.jar;C:\Users\danim\.m2\repository\org\apache\jena\jena-core\4.10.0\jena-core-4.10.0.jar;C:\Users\danim\.m2\repository\org\apache\jena\jena-iri\4.10.0\jena-iri-4.10.0.jar;C:\Users\danim\.m2\repository\commons-cli\commons-cli\1.5.0\commons-cli-1.5.0.jar;C:\Users\danim\.m2\repository\org\roaringbitmap\RoaringBitmap\1.0.0\RoaringBitmap-1.0.0.jar;C:\Users\danim\.m2\repository\org\apache\jena\jena-rdfpatch\4.10.0\jena-rdfpatch-4.10.0.jar;C:\Users\danim\.m2\repository\org\apache\jena\jena-shex\4.10.0\jena-shex-4.10.0.jar;C:\Users\danim\.m2\repository\org\apache\jena\jena-tdb2\4.10.0\jena-tdb2-4.10.0.jar;C:\Users\danim\.m2\repository\org\apache\jena\jena-dboe-storage\4.10.0\jena-dboe-storage-4.10.0.jar;C:\Users\danim\.m2\repository\org\apache\jena\jena-dboe-trans-data\4.10.0\jena-dboe-trans-data-4.10.0.jar;C:\Users\danim\.m2\repository\org\apache\jena\jena-dboe-transaction\4.10.0\jena-dboe-transaction-4.10.0.jar;C:\Users\danim\.m2\repository\org\apache\jena\jena-dboe-base\4.10.0\jena-dboe-base-4.10.0.jar;C:\Users\danim\.m2\repository\org\apache\jena\jena-dboe-index\4.10.0\jena-dboe-index-4.10.0.jar;C:\Users\danim\.m2\repository\org\apache\jena\jena-rdfconnection\4.10.0\jena-rdfconnection-4.10.0.jar;C:\Users\danim\.m2\repository\org\apache\jena\jena-arq\4.10.0\jena-arq-4.10.0.jar;C:\Users\danim\.m2\repository\com\github\jsonld-java\jsonld-java\0.13.4\jsonld-java-0.13.4.jar;C:\Users\danim\.m2\repository\com\google\code\gson\gson\2.10.1\gson-2.10.1.jar;C:\Users\danim\.m2\repository\org\apache\httpcomponents\httpclient-cache\4.5.14\httpclient-cache-4.5.14.jar;C:\Users\danim\.m2\repository\org\apache\httpcomponents\httpclient\4.5.14\httpclient-4.5.14.jar;C:\Users\danim\.m2\repository\org\apache\httpcomponents\httpcore\4.4.16\httpcore-4.4.16.jar;C:\Users\danim\.m2\repository\org\slf4j\jcl-over-slf4j\1.7.36\jcl-over-slf4j-1.7.36.jar;C:\Users\danim\.m2\repository\com\apicatalog\titanium-json-ld\1.3.2\titanium-json-ld-1.3.2.jar;C:\Users\danim\.m2\repository\org\glassfish\jakarta.json\2.0.1\jakarta.json-2.0.1.jar;C:\Users\danim\.m2\repository\com\google\protobuf\protobuf-java\3.24.3\protobuf-java-3.24.3.jar;C:\Users\danim\.m2\repository\org\apache\thrift\libthrift\0.19.0\libthrift-0.19.0.jar;C:\Users\danim\.m2\repository\org\apache\commons\commons-lang3\3.13.0\commons-lang3-3.13.0.jar;C:\Users\danim\.m2\repository\org\apache\jena\jena-tdb\4.10.0\jena-tdb-4.10.0.jar;C:\Users\danim\.m2\repository\org\apache\jena\jena-shacl\4.10.0\jena-shacl-4.10.0.jar;C:\Users\danim\.m2\repository\org\apache\jena\jena-base\4.10.0\jena-base-4.10.0.jar;C:\Users\danim\.m2\repository\org\apache\commons\commons-csv\1.10.0\commons-csv-1.10.0.jar;C:\Users\danim\.m2\repository\commons-io\commons-io\2.14.0\commons-io-2.14.0.jar;C:\Users\danim\.m2\repository\commons-codec\commons-codec\1.16.0\commons-codec-1.16.0.jar;C:\Users\danim\.m2\repository\org\apache\commons\commons-compress\1.24.0\commons-compress-1.24.0.jar;C:\Users\danim\.m2\repository\org\apache\commons\commons-collections4\4.4\commons-collections4-4.4.jar;C:\Users\danim\.m2\repository\com\github\ben-manes\caffeine\caffeine\3.1.8\caffeine-3.1.8.jar;C:\Users\danim\.m2\repository\org\checkerframework\checker-qual\3.37.0\checker-qual-3.37.0.jar;C:\Users\danim\.m2\repository\com\google\errorprone\error_prone_annotations\2.21.1\error_prone_annotations-2.21.1.jar;C:\Users\danim\.m2\repository\com\github\andrewoma\dexx\collection\0.7\collection-0.7.jar;C:\Users\danim\.m2\repository\org\topbraid\shacl\1.4.2\shacl-1.4.2.jar;C:\Users\danim\.m2\repository\org\jgrapht\jgrapht-core\1.5.2\jgrapht-core-1.5.2.jar;C:\Users\danim\.m2\repository\org\jheaps\jheaps\0.14\jheaps-0.14.jar;C:\Users\danim\.m2\repository\org\apfloat\apfloat\1.10.1\apfloat-1.10.1.jar;C:\Users\danim\.m2\repository\org\slf4j\slf4j-api\2.0.9\slf4j-api-2.0.9.jar;C:\Users\danim\.m2\repository\ch\qos\logback\logback-classic\1.4.14\logback-classic-1.4.14.jar;C:\Users\danim\.m2\repository\ch\qos\logback\logback-core\1.4.14\logback-core-1.4.14.jar;C:\Users\danim\.m2\repository\org\junit\jupiter\junit-jupiter-api\5.10.1\junit-jupiter-api-5.10.1.jar;C:\Users\danim\.m2\repository\org\opentest4j\opentest4j\1.3.0\opentest4j-1.3.0.jar;C:\Users\danim\.m2\repository\org\junit\platform\junit-platform-commons\1.10.1\junit-platform-commons-1.10.1.jar;C:\Users\danim\.m2\repository\org\apiguardian\apiguardian-api\1.1.2\apiguardian-api-1.1.2.jar;C:\Users\danim\.m2\repository\org\junit\jupiter\junit-jupiter-engine\5.10.1\junit-jupiter-engine-5.10.1.jar;C:\Users\danim\.m2\repository\org\junit\platform\junit-platform-engine\1.10.1\junit-platform-engine-1.10.1.jar;"/>
    <property name="java.vm.vendor" value="Oracle Corporation"/>
    <property name="sun.arch.data.model" value="64"/>
    <property name="user.variant" value=""/>
    <property name="java.vendor.url" value="https://java.oracle.com/"/>
    <property name="user.timezone" value="Europe/Paris"/>
    <property name="os.name" value="Windows 11"/>
    <property name="java.vm.specification.version" value="20"/>
    <property name="sun.java.launcher" value="SUN_STANDARD"/>
    <property name="user.country" value="PT"/>
    <property name="sun.boot.library.path" value="C:\Program Files\Java\jdk-20\bin"/>
    <property name="sun.java.command" value="C:\Users\danim\AppData\Local\Temp\surefire3562258379796263990\surefirebooter-20250211215449921_3.jar C:\Users\danim\AppData\Local\Temp\surefire3562258379796263990 2025-02-11T21-54-49_646-jvmRun1 surefire-20250211215449921_1tmp surefire_0-20250211215449921_2tmp"/>
    <property name="jdk.debug" value="release"/>
    <property name="surefire.test.class.path" value="C:\Users\danim\Desktop\KGSwitch\kgswitch\target\test-classes;C:\Users\danim\Desktop\KGSwitch\kgswitch\target\classes;C:\Users\danim\.m2\repository\com\fasterxml\jackson\core\jackson-databind\2.15.2\jackson-databind-2.15.2.jar;C:\Users\danim\.m2\repository\com\fasterxml\jackson\core\jackson-annotations\2.15.2\jackson-annotations-2.15.2.jar;C:\Users\danim\.m2\repository\com\fasterxml\jackson\core\jackson-core\2.15.2\jackson-core-2.15.2.jar;C:\Users\danim\.m2\repository\org\apache\jena\jena-core\4.10.0\jena-core-4.10.0.jar;C:\Users\danim\.m2\repository\org\apache\jena\jena-iri\4.10.0\jena-iri-4.10.0.jar;C:\Users\danim\.m2\repository\commons-cli\commons-cli\1.5.0\commons-cli-1.5.0.jar;C:\Users\danim\.m2\repository\org\roaringbitmap\RoaringBitmap\1.0.0\RoaringBitmap-1.0.0.jar;C:\Users\danim\.m2\repository\org\apache\jena\jena-rdfpatch\4.10.0\jena-rdfpatch-4.10.0.jar;C:\Users\danim\.m2\repository\org\apache\jena\jena-shex\4.10.0\jena-shex-4.10.0.jar;C:\Users\danim\.m2\repository\org\apache\jena\jena-tdb2\4.10.0\jena-tdb2-4.10.0.jar;C:\Users\danim\.m2\repository\org\apache\jena\jena-dboe-storage\4.10.0\jena-dboe-storage-4.10.0.jar;C:\Users\danim\.m2\repository\org\apache\jena\jena-dboe-trans-data\4.10.0\jena-dboe-trans-data-4.10.0.jar;C:\Users\danim\.m2\repository\org\apache\jena\jena-dboe-transaction\4.10.0\jena-dboe-transaction-4.10.0.jar;C:\Users\danim\.m2\repository\org\apache\jena\jena-dboe-base\4.10.0\jena-dboe-base-4.10.0.jar;C:\Users\danim\.m2\repository\org\apache\jena\jena-dboe-index\4.10.0\jena-dboe-index-4.10.0.jar;C:\Users\danim\.m2\repository\org\apache\jena\jena-rdfconnection\4.10.0\jena-rdfconnection-4.10.0.jar;C:\Users\danim\.m2\repository\org\apache\jena\jena-arq\4.10.0\jena-arq-4.10.0.jar;C:\Users\danim\.m2\repository\com\github\jsonld-java\jsonld-java\0.13.4\jsonld-java-0.13.4.jar;C:\Users\danim\.m2\repository\com\google\code\gson\gson\2.10.1\gson-2.10.1.jar;C:\Users\danim\.m2\repository\org\apache\httpcomponents\httpclient-cache\4.5.14\httpclient-cache-4.5.14.jar;C:\Users\danim\.m2\repository\org\apache\httpcomponents\httpclient\4.5.14\httpclient-4.5.14.jar;C:\Users\danim\.m2\repository\org\apache\httpcomponents\httpcore\4.4.16\httpcore-4.4.16.jar;C:\Users\danim\.m2\repository\org\slf4j\jcl-over-slf4j\1.7.36\jcl-over-slf4j-1.7.36.jar;C:\Users\danim\.m2\repository\com\apicatalog\titanium-json-ld\1.3.2\titanium-json-ld-1.3.2.jar;C:\Users\danim\.m2\repository\org\glassfish\jakarta.json\2.0.1\jakarta.json-2.0.1.jar;C:\Users\danim\.m2\repository\com\google\protobuf\protobuf-java\3.24.3\protobuf-java-3.24.3.jar;C:\Users\danim\.m2\repository\org\apache\thrift\libthrift\0.19.0\libthrift-0.19.0.jar;C:\Users\danim\.m2\repository\org\apache\commons\commons-lang3\3.13.0\commons-lang3-3.13.0.jar;C:\Users\danim\.m2\repository\org\apache\jena\jena-tdb\4.10.0\jena-tdb-4.10.0.jar;C:\Users\danim\.m2\repository\org\apache\jena\jena-shacl\4.10.0\jena-shacl-4.10.0.jar;C:\Users\danim\.m2\repository\org\apache\jena\jena-base\4.10.0\jena-base-4.10.0.jar;C:\Users\danim\.m2\repository\org\apache\commons\commons-csv\1.10.0\commons-csv-1.10.0.jar;C:\Users\danim\.m2\repository\commons-io\commons-io\2.14.0\commons-io-2.14.0.jar;C:\Users\danim\.m2\repository\commons-codec\commons-codec\1.16.0\commons-codec-1.16.0.jar;C:\Users\danim\.m2\repository\org\apache\commons\commons-compress\1.24.0\commons-compress-1.24.0.jar;C:\Users\danim\.m2\repository\org\apache\commons\commons-collections4\4.4\commons-collections4-4.4.jar;C:\Users\danim\.m2\repository\com\github\ben-manes\caffeine\caffeine\3.1.8\caffeine-3.1.8.jar;C:\Users\danim\.m2\repository\org\checkerframework\checker-qual\3.37.0\checker-qual-3.37.0.jar;C:\Users\danim\.m2\repository\com\google\errorprone\error_prone_annotations\2.21.1\error_prone_annotations-2.21.1.jar;C:\Users\danim\.m2\repository\com\github\andrewoma\dexx\collection\0.7\collection-0.7.jar;C:\Users\danim\.m2\repository\org\topbraid\shacl\1.4.2\shacl-1.4.2.jar;C:\Users\danim\.m2\repository\org\jgrapht\jgrapht-core\1.5.2\jgrapht-core-1.5.2.jar;C:\Users\danim\.m2\repository\org\jheaps\jheaps\0.14\jheaps-0.14.jar;C:\Users\danim\.m2\repository\org\apfloat\apfloat\1.10.1\apfloat-1.10.1.jar;C:\Users\danim\.m2\repository\org\slf4j\slf4j-api\2.0.9\slf4j-api-2.0.9.jar;C:\Users\danim\.m2\repository\ch\qos\logback\logback-classic\1.4.14\logback-classic-1.4.14.jar;C:\Users\danim\.m2\repository\ch\qos\logback\logback-core\1.4.14\logback-core-1.4.14.jar;C:\Users\danim\.m2\repository\org\junit\jupiter\junit-jupiter-api\5.10.1\junit-jupiter-api-5.10.1.jar;C:\Users\danim\.m2\repository\org\opentest4j\opentest4j\1.3.0\opentest4j-1.3.0.jar;C:\Users\danim\.m2\repository\org\junit\platform\junit-platform-commons\1.10.1\junit-platform-commons-1.10.1.jar;C:\Users\danim\.m2\repository\org\apiguardian\apiguardian-api\1.1.2\apiguardian-api-1.1.2.jar;C:\Users\danim\.m2\repository\org\junit\jupiter\junit-jupiter-engine\5.10.1\junit-jupiter-engine-5.10.1.jar;C:\Users\danim\.m2\repository\org\junit\platform\junit-platform-engine\1.10.1\junit-platform-engine-1.10.1.jar;"/>
    <property name="sun.cpu.endian" value="little"/>
    <property name="user.home" value="C:\Users\danim"/>
    <property name="user.language" value="pt"/>
    <property name="java.specification.vendor" value="Oracle Corporation"/>
    <property name="java.version.date" value="2023-03-21"/>
    <property name="java.home" value="C:\Program Files\Java\jdk-20"/>
    <property name="file.separator" value="\"/>
    <property name="basedir" value="C:\Users\danim\Desktop\KGSwitch\kgswitch"/>
    <property name="java.vm.compressedOopsMode" value="32-bit"/>
    <property name="line.separator" value="&#10;"/>
    <property name="java.vm.specification.vendor" value="Oracle Corporation"/>
    <property name="java.specification.name" value="Java Platform API Specification"/>
    <property name="surefire.real.class.path" value="C:\Users\danim\AppData\Local\Temp\surefire3562258379796263990\surefirebooter-20250211215449921_3.jar"/>
    <property name="user.script" value=""/>
    <property name="sun.management.compiler" value="HotSpot 64-Bit Tiered Compilers"/>
    <property name="java.runtime.version" value="20+36-2344"/>
    <property name="user.name" value="danim"/>
    <property name="stdout.encoding" value="Cp1252"/>
    <property name="path.separator" value=";"/>
    <property name="os.version" value="10.0"/>
    <property name="java.runtime.name" value="Java(TM) SE Runtime Environment"/>
    <property name="file.encoding" value="UTF-8"/>
    <property name="java.vm.name" value="Java HotSpot(TM) 64-Bit Server VM"/>
    <property name="localRepository" value="C:\Users\danim\.m2\repository"/>
    <property name="java.vendor.url.bug" value="https://bugreport.java.com/bugreport/"/>
    <property name="java.io.tmpdir" value="C:\Users\danim\AppData\Local\Temp\"/>
    <property name="java.version" value="20"/>
    <property name="user.dir" value="C:\Users\danim\Desktop\KGSwitch\kgswitch"/>
    <property name="os.arch" value="amd64"/>
    <property name="java.vm.specification.name" value="Java Virtual Machine Specification"/>
    <property name="sun.os.patch.level" value=""/>
    <property name="native.encoding" value="Cp1252"/>
    <property name="java.library.path" value="C:\Program Files\Java\jdk-20\bin;C:\WINDOWS\Sun\Java\bin;C:\WINDOWS\system32;C:\WINDOWS;C:\Program Files\Common Files\Oracle\Java\javapath;C:\Program Files (x86)\Common Files\Oracle\Java\javapath;C:\Program Files\NVIDIA GPU Computing Toolkit\CUDA\v12.1\bin;C:\Program Files\NVIDIA GPU Computing Toolkit\CUDA\v12.1\libnvvp;C:\Python311\Scripts\;C:\Python311\;C:\WINDOWS\system32;C:\WINDOWS;C:\WINDOWS\System32\Wbem;C:\WINDOWS\System32\WindowsPowerShell\v1.0\;C:\WINDOWS\System32\OpenSSH\;C:\Program Files\Git\cmd;C:\Program Files\nodejs\;C:\ProgramData\chocolatey\bin;C:\Program Files\PostgreSQL\13\bin;C:\Program Files\PuTTY\;C:\Program Files\Microsoft SQL Server\150\Tools\Binn\;C:\Program Files\Microsoft SQL Server\Client SDK\ODBC\170\Tools\Binn\;C:\Program Files\dotnet\;C:\Program Files (x86)\NVIDIA Corporation\PhysX\Common;c:\Users\danim\AppData\Local\Programs\cursor\resources\app\bin;C:\Program Files\Kubernetes\Minikube;;C:\Program Files\Docker\Docker\resources\bin;C:\Users\danim\AppData\Local\Microsoft\WindowsApps;C:\Users\danim\AppData\Local\Programs\Microsoft VS Code\bin;C:\Users\danim\AppData\Roaming\npm;C:\Users\danim\.dotnet\tools;C:\Users\danim\AppData\Local\Google\Cloud SDK\google-cloud-sdk\bin;C:\Program Files\apache-maven-3.9.9\bin;;."/>
    <property name="java.vm.info" value="mixed mode, sharing"/>
    <property name="stderr.encoding" value="Cp1252"/>
    <property name="java.vendor" value="Oracle Corporation"/>
    <property name="java.vm.version" value="20+36-2344"/>
    <property name="sun.io.unicode.encoding" value="UnicodeLittle"/>
    <property name="java.class.version" value="64.0"/>
  </properties>
  <testcase name="testFlightSchemaTransformation" classname="com.kgswitch.transforms.SchemaTransformationServiceTest" time="0.755">
    <system-out><![CDATA[Test setup complete. Schema file created at: C:\Users\danim\Desktop\KGSwitch\kgswitch\src\test\resources\watch\flight-schema.ttl
Starting transformation for schema: C:\Users\danim\Desktop\KGSwitch\kgswitch\src\test\resources\watch\flight-schema.ttl
21:54:52.767 [main] DEBUG org.apache.jena.riot.system.stream.StreamManager -- Not mapped: C:\Users\danim\Desktop\KGSwitch\kgswitch\src\test\resources\watch\flight-schema.ttl
21:54:52.775 [main] DEBUG org.apache.jena.riot.system.stream.StreamManager -- Found: C:\Users\danim\Desktop\KGSwitch\kgswitch\src\test\resources\watch\flight-schema.ttl (LocatorFile)
Created node: Organization with class: Organization
Created node: Person with class: Person
Created node: Flight with class: Flight
Created node: FlightReservation with class: FlightReservation
Created node: Airport with class: Airport
Processing relationship: memberOf
Found nested property: role
Added property constraint: role to relationship: memberOf
Found nested property: startDate
Added property constraint: startDate to relationship: memberOf
Added relationship: memberOf with 2 properties
Processing relationship: arrivalAirport
Found nested property: gate
Added property constraint: gate to relationship: arrivalAirport
Found nested property: terminal
Added property constraint: terminal to relationship: arrivalAirport
Found nested property: scheduledTime
Added property constraint: scheduledTime to relationship: arrivalAirport
Added relationship: arrivalAirport with 3 properties
Processing relationship: departureAirport
Found nested property: gate
Added property constraint: gate to relationship: departureAirport
Found nested property: terminal
Added property constraint: terminal to relationship: departureAirport
Found nested property: scheduledTime
Added property constraint: scheduledTime to relationship: departureAirport
Added relationship: departureAirport with 3 properties
Processing relationship: reservationFor
Found nested property: ticketNumber
Added property constraint: ticketNumber to relationship: reservationFor
Found nested property: seatNumber
Added property constraint: seatNumber to relationship: reservationFor
Added relationship: reservationFor with 2 properties
Processing relationship: underName
Found nested property: bookingAgent
Added property constraint: bookingAgent to relationship: underName
Found nested property: bookingTime
Added property constraint: bookingTime to relationship: underName
Added relationship: underName with 2 properties
RDF Statement Graph contains 5 nodes and 5 edges
PG Statement Graph contains 20 nodes and 0 edges
Starting PG Schema transformation with 20 nodes
Processing statement: prop_stmt_FlightReservation_reservationId
Labels: [PropertyStatement]
Properties: {predicate=reservationId, datatype=http://www.w3.org/2001/XMLSchema#string, subject=FlightReservation, minCount=1, maxCount=1}
Processing statement: prop_stmt_Person_givenName
Labels: [PropertyStatement]
Properties: {predicate=givenName, datatype=http://www.w3.org/2001/XMLSchema#string, subject=Person, minCount=1, maxCount=-1}
Processing statement: type_stmt_FlightReservation
Labels: [TypeStatement]
Properties: {predicate=type, subject=FlightReservation, object=http://schema.org/FlightReservation}
Created node: FlightReservation with label: http://schema.org/FlightReservation
Processing statement: rel_Person_memberof
Labels: [EdgeStatement]
Properties: {predicate=memberof, subject=Person, minCount=0, object=Organization}
Processing statement: prop_stmt_FlightReservation_reservationStatus
Labels: [PropertyStatement]
Properties: {predicate=reservationStatus, datatype=http://www.w3.org/2001/XMLSchema#string, subject=FlightReservation, minCount=1, maxCount=-1}
Processing statement: prop_stmt_Organization_legalName
Labels: [PropertyStatement]
Properties: {predicate=legalName, datatype=http://www.w3.org/2001/XMLSchema#string, subject=Organization, minCount=1, maxCount=-1}
Processing statement: prop_stmt_Airport_iataCode
Labels: [PropertyStatement]
Properties: {predicate=iataCode, datatype=http://www.w3.org/2001/XMLSchema#string, subject=Airport, minCount=1, maxCount=1}
Processing statement: type_stmt_Flight
Labels: [TypeStatement]
Properties: {predicate=type, subject=Flight, object=http://schema.org/Flight}
Created node: Flight with label: http://schema.org/Flight
Processing statement: rel_FlightReservation_reservationfor
Labels: [EdgeStatement]
Properties: {predicate=reservationfor, subject=FlightReservation, minCount=1, maxCount=1, object=Flight}
Processing statement: rel_Flight_arrivalairport
Labels: [EdgeStatement]
Properties: {predicate=arrivalairport, subject=Flight, minCount=1, maxCount=1, object=Airport}
Processing statement: type_stmt_Person
Labels: [TypeStatement]
Properties: {predicate=type, subject=Person, object=http://schema.org/Person}
Created node: Person with label: http://schema.org/Person
Processing statement: prop_stmt_Airport_name
Labels: [PropertyStatement]
Properties: {predicate=name, datatype=http://www.w3.org/2001/XMLSchema#string, subject=Airport, minCount=1, maxCount=-1}
Processing statement: prop_stmt_Organization_name
Labels: [PropertyStatement]
Properties: {predicate=name, datatype=http://www.w3.org/2001/XMLSchema#string, subject=Organization, minCount=1, maxCount=-1}
Processing statement: prop_stmt_Person_email
Labels: [PropertyStatement]
Properties: {predicate=email, datatype=http://www.w3.org/2001/XMLSchema#string, subject=Person, minCount=1, maxCount=1}
Processing statement: type_stmt_Organization
Labels: [TypeStatement]
Properties: {predicate=type, subject=Organization, object=http://schema.org/Organization}
Created node: Organization with label: http://schema.org/Organization
Processing statement: prop_stmt_Flight_flightNumber
Labels: [PropertyStatement]
Properties: {predicate=flightNumber, datatype=http://www.w3.org/2001/XMLSchema#string, subject=Flight, minCount=1, maxCount=1}
Processing statement: rel_Flight_departureairport
Labels: [EdgeStatement]
Properties: {predicate=departureairport, subject=Flight, minCount=1, maxCount=1, object=Airport}
Processing statement: prop_stmt_Person_familyName
Labels: [PropertyStatement]
Properties: {predicate=familyName, datatype=http://www.w3.org/2001/XMLSchema#string, subject=Person, minCount=1, maxCount=-1}
Processing statement: rel_FlightReservation_undername
Labels: [EdgeStatement]
Properties: {predicate=undername, subject=FlightReservation, minCount=1, maxCount=1, object=Person}
Processing statement: type_stmt_Airport
Labels: [TypeStatement]
Properties: {predicate=type, subject=Airport, object=http://schema.org/Airport}
Created node: Airport with label: http://schema.org/Airport
After type statements: 5 nodes
After property statements: 5 nodes
Transferring property constraint from statement: role
Transferring property constraint from statement: startDate
Added edge with 2 property constraints: [role, startDate]
Transferring property constraint from statement: ticketNumber
Transferring property constraint from statement: seatNumber
Added edge with 2 property constraints: [ticketNumber, seatNumber]
Transferring property constraint from statement: scheduledTime
Transferring property constraint from statement: gate
Transferring property constraint from statement: terminal
Added edge with 3 property constraints: [scheduledTime, gate, terminal]
Transferring property constraint from statement: scheduledTime
Transferring property constraint from statement: gate
Transferring property constraint from statement: terminal
Added edge with 3 property constraints: [scheduledTime, gate, terminal]
Transferring property constraint from statement: bookingAgent
Transferring property constraint from statement: bookingTime
Added edge with 2 property constraints: [bookingAgent, bookingTime]
After relationship statements: 5 nodes
Final node map size: 5
Final schema nodes: 5
PG Schema contains 5 nodes and 5 edges
DEBUG: JsonSchemaGenerator - Processing relationship: reservationfor
Property constraints: {ticketNumber=com.kgswitch.models.constraints.PropertyConstraint@7a639ec5, seatNumber=com.kgswitch.models.constraints.PropertyConstraint@14151bc5}
DEBUG: JsonSchemaGenerator - Processing relationship: arrivalairport
Property constraints: {scheduledTime=com.kgswitch.models.constraints.PropertyConstraint@2a49fe, gate=com.kgswitch.models.constraints.PropertyConstraint@66596a88, terminal=com.kgswitch.models.constraints.PropertyConstraint@5aae8eb5}
DEBUG: JsonSchemaGenerator - Processing relationship: undername
Property constraints: {bookingAgent=com.kgswitch.models.constraints.PropertyConstraint@76954a33, bookingTime=com.kgswitch.models.constraints.PropertyConstraint@24a298a6}
DEBUG: JsonSchemaGenerator - Processing relationship: departureairport
Property constraints: {scheduledTime=com.kgswitch.models.constraints.PropertyConstraint@982bb90, gate=com.kgswitch.models.constraints.PropertyConstraint@27f74733, terminal=com.kgswitch.models.constraints.PropertyConstraint@7bef452c}
DEBUG: JsonSchemaGenerator - Processing relationship: memberof
Property constraints: {role=com.kgswitch.models.constraints.PropertyConstraint@4bb8855f, startDate=com.kgswitch.models.constraints.PropertyConstraint@57fae983}
Transformation completed successfully. Files should be created.

=== Full JSON Schema ===
{
  "nodes" : [ {
    "label" : "http://schema.org/Person",
    "properties" : {
      "givenName" : {
        "type" : "String",
        "minCount" : 1
      },
      "familyName" : {
        "type" : "String",
        "minCount" : 1
      },
      "email" : {
        "type" : "String",
        "minCount" : 1,
        "maxCount" : 1
      }
    }
  }, {
    "label" : "http://schema.org/Flight",
    "properties" : {
      "flightNumber" : {
        "type" : "String",
        "minCount" : 1,
        "maxCount" : 1
      }
    }
  }, {
    "label" : "http://schema.org/Airport",
    "properties" : {
      "iataCode" : {
        "type" : "String",
        "minCount" : 1,
        "maxCount" : 1
      },
      "name" : {
        "type" : "String",
        "minCount" : 1
      }
    }
  }, {
    "label" : "http://schema.org/Organization",
    "properties" : {
      "legalName" : {
        "type" : "String",
        "minCount" : 1
      },
      "name" : {
        "type" : "String",
        "minCount" : 1
      }
    }
  }, {
    "label" : "http://schema.org/FlightReservation",
    "properties" : {
      "reservationId" : {
        "type" : "String",
        "minCount" : 1,
        "maxCount" : 1
      },
      "reservationStatus" : {
        "type" : "String",
        "minCount" : 1
      }
    }
  } ],
  "relationships" : [ {
    "type" : "reservationfor",
    "source" : "http://schema.org/FlightReservation",
    "target" : "http://schema.org/Flight",
    "properties" : {
      "ticketNumber" : {
        "type" : "String",
        "minCount" : 1
      },
      "seatNumber" : {
        "type" : "String",
        "minCount" : 1
      }
    }
  }, {
    "type" : "arrivalairport",
    "source" : "http://schema.org/Flight",
    "target" : "http://schema.org/Airport",
    "properties" : {
      "scheduledTime" : {
        "type" : "DateTime",
        "minCount" : 1
      },
      "gate" : {
        "type" : "String",
        "maxCount" : 1
      },
      "terminal" : {
        "type" : "String",
        "minCount" : 1
      }
    }
  }, {
    "type" : "undername",
    "source" : "http://schema.org/FlightReservation",
    "target" : "http://schema.org/Person",
    "properties" : {
      "bookingAgent" : {
        "type" : "String",
        "maxCount" : 1
      },
      "bookingTime" : {
        "type" : "DateTime",
        "minCount" : 1
      }
    }
  }, {
    "type" : "departureairport",
    "source" : "http://schema.org/Flight",
    "target" : "http://schema.org/Airport",
    "properties" : {
      "scheduledTime" : {
        "type" : "DateTime",
        "minCount" : 1
      },
      "gate" : {
        "type" : "String",
        "maxCount" : 1
      },
      "terminal" : {
        "type" : "String",
        "minCount" : 1
      }
    }
  }, {
    "type" : "memberof",
    "source" : "http://schema.org/Person",
    "target" : "http://schema.org/Organization",
    "properties" : {
      "role" : {
        "type" : "String",
        "minCount" : 1
      },
      "startDate" : {
        "type" : "Date",
        "minCount" : 1
      }
    }
  } ]
}

=== Relationships Debug ===
Total relationships found: 5

Relationship Details:
Type: reservationfor
Source: http://schema.org/FlightReservation
Target: http://schema.org/Flight
Properties:
  - ticketNumber:
    Type: "String"
    MinCount: 1
  - seatNumber:
    Type: "String"
    MinCount: 1

Relationship Details:
Type: arrivalairport
Source: http://schema.org/Flight
Target: http://schema.org/Airport
Properties:
  - scheduledTime:
    Type: "DateTime"
    MinCount: 1
  - gate:
    Type: "String"
    MaxCount: 1
  - terminal:
    Type: "String"
    MinCount: 1

Relationship Details:
Type: undername
Source: http://schema.org/FlightReservation
Target: http://schema.org/Person
Properties:
  - bookingAgent:
    Type: "String"
    MaxCount: 1
  - bookingTime:
    Type: "DateTime"
    MinCount: 1

Relationship Details:
Type: departureairport
Source: http://schema.org/Flight
Target: http://schema.org/Airport
Properties:
  - scheduledTime:
    Type: "DateTime"
    MinCount: 1
  - gate:
    Type: "String"
    MaxCount: 1
  - terminal:
    Type: "String"
    MinCount: 1

Relationship Details:
Type: memberof
Source: http://schema.org/Person
Target: http://schema.org/Organization
Properties:
  - role:
    Type: "String"
    MinCount: 1
  - startDate:
    Type: "Date"
    MinCount: 1

=== Verifying Specific Relationships ===

Found underName relationship:
Checking underName properties:
bookingTime details: {"type":"DateTime","minCount":1}
bookingAgent details: {"type":"String","maxCount":1}
]]></system-out>
  </testcase>
</testsuite>