<?xml version="1.0" encoding="UTF-8"?>
<testsuite xmlns:xsi="http://www.w3.org/2001/XMLSchema-instance" xsi:noNamespaceSchemaLocation="https://maven.apache.org/surefire/maven-surefire-plugin/xsd/surefire-test-report-3.0.xsd" version="3.0" name="com.kgswitch.transforms.PGSchemaTransformerTest" time="0.146" tests="3" errors="0" skipped="0" failures="0">
  <properties>
    <property name="java.specification.version" value="20"/>
    <property name="sun.cpu.isalist" value="amd64"/>
    <property name="sun.jnu.encoding" value="Cp1252"/>
    <property name="java.class.path" value="C:\Users\danim\Desktop\KGSwitch\kgswitch\target\test-classes;C:\Users\danim\Desktop\KGSwitch\kgswitch\target\classes;C:\Users\danim\.m2\repository\com\fasterxml\jackson\core\jackson-databind\2.15.2\jackson-databind-2.15.2.jar;C:\Users\danim\.m2\repository\com\fasterxml\jackson\core\jackson-annotations\2.15.2\jackson-annotations-2.15.2.jar;C:\Users\danim\.m2\repository\com\fasterxml\jackson\core\jackson-core\2.15.2\jackson-core-2.15.2.jar;C:\Users\danim\.m2\repository\org\apache\jena\jena-core\4.10.0\jena-core-4.10.0.jar;C:\Users\danim\.m2\repository\org\apache\jena\jena-iri\4.10.0\jena-iri-4.10.0.jar;C:\Users\danim\.m2\repository\commons-cli\commons-cli\1.5.0\commons-cli-1.5.0.jar;C:\Users\danim\.m2\repository\org\roaringbitmap\RoaringBitmap\1.0.0\RoaringBitmap-1.0.0.jar;C:\Users\danim\.m2\repository\org\apache\jena\jena-rdfpatch\4.10.0\jena-rdfpatch-4.10.0.jar;C:\Users\danim\.m2\repository\org\apache\jena\jena-shex\4.10.0\jena-shex-4.10.0.jar;C:\Users\danim\.m2\repository\org\apache\jena\jena-tdb2\4.10.0\jena-tdb2-4.10.0.jar;C:\Users\danim\.m2\repository\org\apache\jena\jena-dboe-storage\4.10.0\jena-dboe-storage-4.10.0.jar;C:\Users\danim\.m2\repository\org\apache\jena\jena-dboe-trans-data\4.10.0\jena-dboe-trans-data-4.10.0.jar;C:\Users\danim\.m2\repository\org\apache\jena\jena-dboe-transaction\4.10.0\jena-dboe-transaction-4.10.0.jar;C:\Users\danim\.m2\repository\org\apache\jena\jena-dboe-base\4.10.0\jena-dboe-base-4.10.0.jar;C:\Users\danim\.m2\repository\org\apache\jena\jena-dboe-index\4.10.0\jena-dboe-index-4.10.0.jar;C:\Users\danim\.m2\repository\org\apache\jena\jena-rdfconnection\4.10.0\jena-rdfconnection-4.10.0.jar;C:\Users\danim\.m2\repository\org\apache\jena\jena-arq\4.10.0\jena-arq-4.10.0.jar;C:\Users\danim\.m2\repository\com\github\jsonld-java\jsonld-java\0.13.4\jsonld-java-0.13.4.jar;C:\Users\danim\.m2\repository\com\google\code\gson\gson\2.10.1\gson-2.10.1.jar;C:\Users\danim\.m2\repository\org\apache\httpcomponents\httpclient-cache\4.5.14\httpclient-cache-4.5.14.jar;C:\Users\danim\.m2\repository\org\apache\httpcomponents\httpclient\4.5.14\httpclient-4.5.14.jar;C:\Users\danim\.m2\repository\org\apache\httpcomponents\httpcore\4.4.16\httpcore-4.4.16.jar;C:\Users\danim\.m2\repository\org\slf4j\jcl-over-slf4j\1.7.36\jcl-over-slf4j-1.7.36.jar;C:\Users\danim\.m2\repository\com\apicatalog\titanium-json-ld\1.3.2\titanium-json-ld-1.3.2.jar;C:\Users\danim\.m2\repository\org\glassfish\jakarta.json\2.0.1\jakarta.json-2.0.1.jar;C:\Users\danim\.m2\repository\com\google\protobuf\protobuf-java\3.24.3\protobuf-java-3.24.3.jar;C:\Users\danim\.m2\repository\org\apache\thrift\libthrift\0.19.0\libthrift-0.19.0.jar;C:\Users\danim\.m2\repository\org\apache\commons\commons-lang3\3.13.0\commons-lang3-3.13.0.jar;C:\Users\danim\.m2\repository\org\apache\jena\jena-tdb\4.10.0\jena-tdb-4.10.0.jar;C:\Users\danim\.m2\repository\org\apache\jena\jena-shacl\4.10.0\jena-shacl-4.10.0.jar;C:\Users\danim\.m2\repository\org\apache\jena\jena-base\4.10.0\jena-base-4.10.0.jar;C:\Users\danim\.m2\repository\org\apache\commons\commons-csv\1.10.0\commons-csv-1.10.0.jar;C:\Users\danim\.m2\repository\commons-io\commons-io\2.14.0\commons-io-2.14.0.jar;C:\Users\danim\.m2\repository\commons-codec\commons-codec\1.16.0\commons-codec-1.16.0.jar;C:\Users\danim\.m2\repository\org\apache\commons\commons-compress\1.24.0\commons-compress-1.24.0.jar;C:\Users\danim\.m2\repository\org\apache\commons\commons-collections4\4.4\commons-collections4-4.4.jar;C:\Users\danim\.m2\repository\com\github\ben-manes\caffeine\caffeine\3.1.8\caffeine-3.1.8.jar;C:\Users\danim\.m2\repository\org\checkerframework\checker-qual\3.37.0\checker-qual-3.37.0.jar;C:\Users\danim\.m2\repository\com\google\errorprone\error_prone_annotations\2.21.1\error_prone_annotations-2.21.1.jar;C:\Users\danim\.m2\repository\com\github\andrewoma\dexx\collection\0.7\collection-0.7.jar;C:\Users\danim\.m2\repository\org\topbraid\shacl\1.4.2\shacl-1.4.2.jar;C:\Users\danim\.m2\repository\org\jgrapht\jgrapht-core\1.5.2\jgrapht-core-1.5.2.jar;C:\Users\danim\.m2\repository\org\jheaps\jheaps\0.14\jheaps-0.14.jar;C:\Users\danim\.m2\repository\org\apfloat\apfloat\1.10.1\apfloat-1.10.1.jar;C:\Users\danim\.m2\repository\org\slf4j\slf4j-api\2.0.9\slf4j-api-2.0.9.jar;C:\Users\danim\.m2\repository\ch\qos\logback\logback-classic\1.4.14\logback-classic-1.4.14.jar;C:\Users\danim\.m2\repository\ch\qos\logback\logback-core\1.4.14\logback-core-1.4.14.jar;C:\Users\danim\.m2\repository\org\junit\jupiter\junit-jupiter-api\5.10.1\junit-jupiter-api-5.10.1.jar;C:\Users\danim\.m2\repository\org\opentest4j\opentest4j\1.3.0\opentest4j-1.3.0.jar;C:\Users\danim\.m2\repository\org\junit\platform\junit-platform-commons\1.10.1\junit-platform-commons-1.10.1.jar;C:\Users\danim\.m2\repository\org\apiguardian\apiguardian-api\1.1.2\apiguardian-api-1.1.2.jar;C:\Users\danim\.m2\repository\org\junit\jupiter\junit-jupiter-engine\5.10.1\junit-jupiter-engine-5.10.1.jar;C:\Users\danim\.m2\repository\org\junit\platform\junit-platform-engine\1.10.1\junit-platform-engine-1.10.1.jar;"/>
    <property name="java.vm.vendor" value="Oracle Corporation"/>
    <property name="sun.arch.data.model" value="64"/>
    <property name="user.variant" value=""/>
    <property name="java.vendor.url" value="https://java.oracle.com/"/>
    <property name="user.timezone" value="Europe/Paris"/>
    <property name="os.name" value="Windows 11"/>
    <property name="java.vm.specification.version" value="20"/>
    <property name="sun.java.launcher" value="SUN_STANDARD"/>
    <property name="user.country" value="PT"/>
    <property name="sun.boot.library.path" value="C:\Program Files\Java\jdk-20\bin"/>
    <property name="sun.java.command" value="C:\Users\danim\AppData\Local\Temp\surefire11447441106019866881\surefirebooter-20250212121226744_3.jar C:\Users\danim\AppData\Local\Temp\surefire11447441106019866881 2025-02-12T12-12-26_464-jvmRun1 surefire-20250212121226744_1tmp surefire_0-20250212121226744_2tmp"/>
    <property name="jdk.debug" value="release"/>
    <property name="surefire.test.class.path" value="C:\Users\danim\Desktop\KGSwitch\kgswitch\target\test-classes;C:\Users\danim\Desktop\KGSwitch\kgswitch\target\classes;C:\Users\danim\.m2\repository\com\fasterxml\jackson\core\jackson-databind\2.15.2\jackson-databind-2.15.2.jar;C:\Users\danim\.m2\repository\com\fasterxml\jackson\core\jackson-annotations\2.15.2\jackson-annotations-2.15.2.jar;C:\Users\danim\.m2\repository\com\fasterxml\jackson\core\jackson-core\2.15.2\jackson-core-2.15.2.jar;C:\Users\danim\.m2\repository\org\apache\jena\jena-core\4.10.0\jena-core-4.10.0.jar;C:\Users\danim\.m2\repository\org\apache\jena\jena-iri\4.10.0\jena-iri-4.10.0.jar;C:\Users\danim\.m2\repository\commons-cli\commons-cli\1.5.0\commons-cli-1.5.0.jar;C:\Users\danim\.m2\repository\org\roaringbitmap\RoaringBitmap\1.0.0\RoaringBitmap-1.0.0.jar;C:\Users\danim\.m2\repository\org\apache\jena\jena-rdfpatch\4.10.0\jena-rdfpatch-4.10.0.jar;C:\Users\danim\.m2\repository\org\apache\jena\jena-shex\4.10.0\jena-shex-4.10.0.jar;C:\Users\danim\.m2\repository\org\apache\jena\jena-tdb2\4.10.0\jena-tdb2-4.10.0.jar;C:\Users\danim\.m2\repository\org\apache\jena\jena-dboe-storage\4.10.0\jena-dboe-storage-4.10.0.jar;C:\Users\danim\.m2\repository\org\apache\jena\jena-dboe-trans-data\4.10.0\jena-dboe-trans-data-4.10.0.jar;C:\Users\danim\.m2\repository\org\apache\jena\jena-dboe-transaction\4.10.0\jena-dboe-transaction-4.10.0.jar;C:\Users\danim\.m2\repository\org\apache\jena\jena-dboe-base\4.10.0\jena-dboe-base-4.10.0.jar;C:\Users\danim\.m2\repository\org\apache\jena\jena-dboe-index\4.10.0\jena-dboe-index-4.10.0.jar;C:\Users\danim\.m2\repository\org\apache\jena\jena-rdfconnection\4.10.0\jena-rdfconnection-4.10.0.jar;C:\Users\danim\.m2\repository\org\apache\jena\jena-arq\4.10.0\jena-arq-4.10.0.jar;C:\Users\danim\.m2\repository\com\github\jsonld-java\jsonld-java\0.13.4\jsonld-java-0.13.4.jar;C:\Users\danim\.m2\repository\com\google\code\gson\gson\2.10.1\gson-2.10.1.jar;C:\Users\danim\.m2\repository\org\apache\httpcomponents\httpclient-cache\4.5.14\httpclient-cache-4.5.14.jar;C:\Users\danim\.m2\repository\org\apache\httpcomponents\httpclient\4.5.14\httpclient-4.5.14.jar;C:\Users\danim\.m2\repository\org\apache\httpcomponents\httpcore\4.4.16\httpcore-4.4.16.jar;C:\Users\danim\.m2\repository\org\slf4j\jcl-over-slf4j\1.7.36\jcl-over-slf4j-1.7.36.jar;C:\Users\danim\.m2\repository\com\apicatalog\titanium-json-ld\1.3.2\titanium-json-ld-1.3.2.jar;C:\Users\danim\.m2\repository\org\glassfish\jakarta.json\2.0.1\jakarta.json-2.0.1.jar;C:\Users\danim\.m2\repository\com\google\protobuf\protobuf-java\3.24.3\protobuf-java-3.24.3.jar;C:\Users\danim\.m2\repository\org\apache\thrift\libthrift\0.19.0\libthrift-0.19.0.jar;C:\Users\danim\.m2\repository\org\apache\commons\commons-lang3\3.13.0\commons-lang3-3.13.0.jar;C:\Users\danim\.m2\repository\org\apache\jena\jena-tdb\4.10.0\jena-tdb-4.10.0.jar;C:\Users\danim\.m2\repository\org\apache\jena\jena-shacl\4.10.0\jena-shacl-4.10.0.jar;C:\Users\danim\.m2\repository\org\apache\jena\jena-base\4.10.0\jena-base-4.10.0.jar;C:\Users\danim\.m2\repository\org\apache\commons\commons-csv\1.10.0\commons-csv-1.10.0.jar;C:\Users\danim\.m2\repository\commons-io\commons-io\2.14.0\commons-io-2.14.0.jar;C:\Users\danim\.m2\repository\commons-codec\commons-codec\1.16.0\commons-codec-1.16.0.jar;C:\Users\danim\.m2\repository\org\apache\commons\commons-compress\1.24.0\commons-compress-1.24.0.jar;C:\Users\danim\.m2\repository\org\apache\commons\commons-collections4\4.4\commons-collections4-4.4.jar;C:\Users\danim\.m2\repository\com\github\ben-manes\caffeine\caffeine\3.1.8\caffeine-3.1.8.jar;C:\Users\danim\.m2\repository\org\checkerframework\checker-qual\3.37.0\checker-qual-3.37.0.jar;C:\Users\danim\.m2\repository\com\google\errorprone\error_prone_annotations\2.21.1\error_prone_annotations-2.21.1.jar;C:\Users\danim\.m2\repository\com\github\andrewoma\dexx\collection\0.7\collection-0.7.jar;C:\Users\danim\.m2\repository\org\topbraid\shacl\1.4.2\shacl-1.4.2.jar;C:\Users\danim\.m2\repository\org\jgrapht\jgrapht-core\1.5.2\jgrapht-core-1.5.2.jar;C:\Users\danim\.m2\repository\org\jheaps\jheaps\0.14\jheaps-0.14.jar;C:\Users\danim\.m2\repository\org\apfloat\apfloat\1.10.1\apfloat-1.10.1.jar;C:\Users\danim\.m2\repository\org\slf4j\slf4j-api\2.0.9\slf4j-api-2.0.9.jar;C:\Users\danim\.m2\repository\ch\qos\logback\logback-classic\1.4.14\logback-classic-1.4.14.jar;C:\Users\danim\.m2\repository\ch\qos\logback\logback-core\1.4.14\logback-core-1.4.14.jar;C:\Users\danim\.m2\repository\org\junit\jupiter\junit-jupiter-api\5.10.1\junit-jupiter-api-5.10.1.jar;C:\Users\danim\.m2\repository\org\opentest4j\opentest4j\1.3.0\opentest4j-1.3.0.jar;C:\Users\danim\.m2\repository\org\junit\platform\junit-platform-commons\1.10.1\junit-platform-commons-1.10.1.jar;C:\Users\danim\.m2\repository\org\apiguardian\apiguardian-api\1.1.2\apiguardian-api-1.1.2.jar;C:\Users\danim\.m2\repository\org\junit\jupiter\junit-jupiter-engine\5.10.1\junit-jupiter-engine-5.10.1.jar;C:\Users\danim\.m2\repository\org\junit\platform\junit-platform-engine\1.10.1\junit-platform-engine-1.10.1.jar;"/>
    <property name="sun.cpu.endian" value="little"/>
    <property name="user.home" value="C:\Users\danim"/>
    <property name="user.language" value="pt"/>
    <property name="java.specification.vendor" value="Oracle Corporation"/>
    <property name="java.version.date" value="2023-03-21"/>
    <property name="java.home" value="C:\Program Files\Java\jdk-20"/>
    <property name="file.separator" value="\"/>
    <property name="basedir" value="C:\Users\danim\Desktop\KGSwitch\kgswitch"/>
    <property name="java.vm.compressedOopsMode" value="32-bit"/>
    <property name="line.separator" value="&#10;"/>
    <property name="java.vm.specification.vendor" value="Oracle Corporation"/>
    <property name="java.specification.name" value="Java Platform API Specification"/>
    <property name="surefire.real.class.path" value="C:\Users\danim\AppData\Local\Temp\surefire11447441106019866881\surefirebooter-20250212121226744_3.jar"/>
    <property name="user.script" value=""/>
    <property name="sun.management.compiler" value="HotSpot 64-Bit Tiered Compilers"/>
    <property name="java.runtime.version" value="20+36-2344"/>
    <property name="user.name" value="danim"/>
    <property name="stdout.encoding" value="Cp1252"/>
    <property name="path.separator" value=";"/>
    <property name="os.version" value="10.0"/>
    <property name="java.runtime.name" value="Java(TM) SE Runtime Environment"/>
    <property name="file.encoding" value="UTF-8"/>
    <property name="java.vm.name" value="Java HotSpot(TM) 64-Bit Server VM"/>
    <property name="localRepository" value="C:\Users\danim\.m2\repository"/>
    <property name="java.vendor.url.bug" value="https://bugreport.java.com/bugreport/"/>
    <property name="java.io.tmpdir" value="C:\Users\danim\AppData\Local\Temp\"/>
    <property name="java.version" value="20"/>
    <property name="user.dir" value="C:\Users\danim\Desktop\KGSwitch\kgswitch"/>
    <property name="os.arch" value="amd64"/>
    <property name="java.vm.specification.name" value="Java Virtual Machine Specification"/>
    <property name="sun.os.patch.level" value=""/>
    <property name="native.encoding" value="Cp1252"/>
    <property name="java.library.path" value="C:\Program Files\Java\jdk-20\bin;C:\WINDOWS\Sun\Java\bin;C:\WINDOWS\system32;C:\WINDOWS;C:\Program Files\Common Files\Oracle\Java\javapath;C:\Program Files (x86)\Common Files\Oracle\Java\javapath;C:\Program Files\NVIDIA GPU Computing Toolkit\CUDA\v12.1\bin;C:\Program Files\NVIDIA GPU Computing Toolkit\CUDA\v12.1\libnvvp;C:\Python311\Scripts\;C:\Python311\;C:\WINDOWS\system32;C:\WINDOWS;C:\WINDOWS\System32\Wbem;C:\WINDOWS\System32\WindowsPowerShell\v1.0\;C:\WINDOWS\System32\OpenSSH\;C:\Program Files\Git\cmd;C:\Program Files\nodejs\;C:\ProgramData\chocolatey\bin;C:\Program Files\PostgreSQL\13\bin;C:\Program Files\PuTTY\;C:\Program Files\Microsoft SQL Server\150\Tools\Binn\;C:\Program Files\Microsoft SQL Server\Client SDK\ODBC\170\Tools\Binn\;C:\Program Files\dotnet\;C:\Program Files (x86)\NVIDIA Corporation\PhysX\Common;c:\Users\danim\AppData\Local\Programs\cursor\resources\app\bin;C:\Program Files\Kubernetes\Minikube;;C:\Program Files\Docker\Docker\resources\bin;C:\Users\danim\AppData\Local\Microsoft\WindowsApps;C:\Users\danim\AppData\Local\Programs\Microsoft VS Code\bin;C:\Users\danim\AppData\Roaming\npm;C:\Users\danim\.dotnet\tools;C:\Users\danim\AppData\Local\Google\Cloud SDK\google-cloud-sdk\bin;C:\Program Files\apache-maven-3.9.9\bin;;."/>
    <property name="java.vm.info" value="mixed mode, sharing"/>
    <property name="stderr.encoding" value="Cp1252"/>
    <property name="java.vendor" value="Oracle Corporation"/>
    <property name="java.vm.version" value="20+36-2344"/>
    <property name="sun.io.unicode.encoding" value="UnicodeLittle"/>
    <property name="java.class.version" value="64.0"/>
  </properties>
  <testcase name="testTransformWithRelationship" classname="com.kgswitch.transforms.PGSchemaTransformerTest" time="0.072">
    <system-out><![CDATA[Created node: Person with label: http://schema.org/Person
Created node: Organization with label: http://schema.org/Organization

DEBUG: Processing edge statement for: memberOf
Statement Properties: {predicate=memberOf, subject=Person, minCount=0, maxCount=1, object=Organization}
Statement Property Constraints: {}
Added edge: MEMBEROF with 0 property constraints
]]></system-out>
  </testcase>
  <testcase name="testTransformToPGSchema" classname="com.kgswitch.transforms.PGSchemaTransformerTest" time="0.009">
    <system-out><![CDATA[Created node: Person with label: http://schema.org/Person
]]></system-out>
  </testcase>
  <testcase name="testTransformWithPropertyConstraints" classname="com.kgswitch.transforms.PGSchemaTransformerTest" time="0.003">
    <system-out><![CDATA[Created node: Person with label: http://schema.org/Person
]]></system-out>
  </testcase>
</testsuite>